Using pre-set license
Built from '6000.0/staging' branch; Version is '6000.0.57f1 (b7b9860b7bbd) revision 12040582'; Using compiler version '193933523'; Build Type 'Release'
OS: 'Windows 11  (10.0.26100) 64bit Core' Language: 'en' Physical Memory: 16226 MB
BatchMode: 1, IsHumanControllingUs: 0, StartBugReporterOnCrash: 0, Is64bit: 1
Date: 2025-10-19T04:11:12Z

COMMAND LINE ARGUMENTS:
C:\Program Files\Unity\Hub\Editor\6000.0.57f1\Editor\Unity.exe
-adb2
-batchMode
-noUpm
-name
AssetImportWorker0
-projectPath
C:/Users/lovba/OneDrive/桌面/TurnBased-Strategy-Game/TurnBased-Strategy-Game
-logFile
Logs/AssetImportWorker0.log
-srvPort
49865
-job-worker-count
3
-background-job-worker-count
8
-gc-helper-count
1
-name
AssetImport
Successfully changed project path to: C:/Users/lovba/OneDrive/桌面/TurnBased-Strategy-Game/TurnBased-Strategy-Game
C:/Users/lovba/OneDrive/桌面/TurnBased-Strategy-Game/TurnBased-Strategy-Game
[UnityMemory] Configuration Parameters - Can be set up in boot.config
    "memorysetup-bucket-allocator-granularity=16"
    "memorysetup-bucket-allocator-bucket-count=8"
    "memorysetup-bucket-allocator-block-size=33554432"
    "memorysetup-bucket-allocator-block-count=8"
    "memorysetup-main-allocator-block-size=16777216"
    "memorysetup-thread-allocator-block-size=16777216"
    "memorysetup-gfx-main-allocator-block-size=16777216"
    "memorysetup-gfx-thread-allocator-block-size=16777216"
    "memorysetup-cache-allocator-block-size=4194304"
    "memorysetup-typetree-allocator-block-size=2097152"
    "memorysetup-profiler-bucket-allocator-granularity=16"
    "memorysetup-profiler-bucket-allocator-bucket-count=8"
    "memorysetup-profiler-bucket-allocator-block-size=33554432"
    "memorysetup-profiler-bucket-allocator-block-count=8"
    "memorysetup-profiler-allocator-block-size=16777216"
    "memorysetup-profiler-editor-allocator-block-size=1048576"
    "memorysetup-temp-allocator-size-main=16777216"
    "memorysetup-job-temp-allocator-block-size=2097152"
    "memorysetup-job-temp-allocator-block-size-background=1048576"
    "memorysetup-job-temp-allocator-reduction-small-platforms=262144"
    "memorysetup-allocator-temp-initial-block-size-main=262144"
    "memorysetup-allocator-temp-initial-block-size-worker=262144"
    "memorysetup-temp-allocator-size-background-worker=32768"
    "memorysetup-temp-allocator-size-job-worker=262144"
    "memorysetup-temp-allocator-size-preload-manager=33554432"
    "memorysetup-temp-allocator-size-nav-mesh-worker=65536"
    "memorysetup-temp-allocator-size-audio-worker=65536"
    "memorysetup-temp-allocator-size-cloud-worker=32768"
    "memorysetup-temp-allocator-size-gi-baking-worker=262144"
    "memorysetup-temp-allocator-size-gi-baking-worker=262144"
    "memorysetup-temp-allocator-size-gi-baking-worker=262144"
    "memorysetup-temp-allocator-size-gi-baking-worker=262144"
    "memorysetup-temp-allocator-size-gi-baking-worker=262144"
    "memorysetup-temp-allocator-size-gfx=262144"
Player connection [26924]  Target information:

Player connection [26924]  * "[IP] 192.168.1.103 [Port] 0 [Flags] 2 [Guid] 2961250458 [EditorId] 2961250458 [Version] 1048832 [Id] WindowsEditor(7,DESKTOP-QPSAC0V) [Debug] 1 [PackageName] WindowsEditor [ProjectName] Editor" 

Player connection [26924] Host joined multi-casting on [225.0.0.222:54997]...
Player connection [26924] Host joined alternative multi-casting on [225.0.0.222:34997]...
JobSystem: Creating JobQueue using job-worker-count value 3
Input System module state changed to: Initialized.
[Physics::Module] Initialized fallback backend.
[Physics::Module] Id: 0xdecafbad
Library Redirect Path: Library/
[Physics::Module] Selected backend.
[Physics::Module] Name: PhysX
[Physics::Module] Id: 0xf2b8ea05
[Physics::Module] SDK Version: 4.1.2
[Physics::Module] Integration Version: 1.0.0
[Physics::Module] Threading Mode: Multi-Threaded
Refreshing native plugins compatible for Editor in 2.13 ms, found 3 plugins.
Preloading 0 native plugins for Editor in 0.00 ms.
Initialize engine version: 6000.0.57f1 (b7b9860b7bbd)
[Subsystems] Discovering subsystems at path C:/Program Files/Unity/Hub/Editor/6000.0.57f1/Editor/Data/Resources/UnitySubsystems
[Subsystems] Discovering subsystems at path C:/Users/lovba/OneDrive/桌面/TurnBased-Strategy-Game/TurnBased-Strategy-Game/Assets
GfxDevice: creating device client; kGfxThreadingModeNonThreaded
Direct3D:
    Version:  Direct3D 11.0 [level 11.1]
    Renderer: Intel(R) Iris(R) Xe Graphics (ID=0x9a49)
    Vendor:   Intel
    VRAM:     8113 MB
    Driver:   32.0.101.6737
Initialize mono
Mono path[0] = 'C:/Program Files/Unity/Hub/Editor/6000.0.57f1/Editor/Data/Managed'
Mono path[1] = 'C:/Program Files/Unity/Hub/Editor/6000.0.57f1/Editor/Data/MonoBleedingEdge/lib/mono/unityjit-win32'
Mono config path = 'C:/Program Files/Unity/Hub/Editor/6000.0.57f1/Editor/Data/MonoBleedingEdge/etc'
Using monoOptions --debugger-agent=transport=dt_socket,embedding=1,server=y,suspend=n,address=127.0.0.1:56116
Begin MonoManager ReloadAssembly
Registering precompiled unity dll's ...
Register platform support module: C:/Program Files/Unity/Hub/Editor/6000.0.57f1/Editor/Data/PlaybackEngines/WebGLSupport/UnityEditor.WebGL.Extensions.dll
Register platform support module: C:/Program Files/Unity/Hub/Editor/6000.0.57f1/Editor/Data/PlaybackEngines/WindowsStandaloneSupport/UnityEditor.WindowsStandalone.Extensions.dll
Register platform support module: C:/Program Files/Unity/Hub/Editor/6000.0.57f1/Editor/Data/PlaybackEngines/AndroidPlayer/UnityEditor.Android.Extensions.dll
Registered in 0.006799 seconds.
- Loaded All Assemblies, in  0.696 seconds
Native extension for Android target not found
Android Extension - Scanning For ADB Devices 338 ms
Native extension for WindowsStandalone target not found
Native extension for WebGL target not found
Mono: successfully reloaded assembly
- Finished resetting the current domain, in  0.945 seconds
Domain Reload Profiling: 1636ms
	BeginReloadAssembly (185ms)
		ExecutionOrderSort (0ms)
		DisableScriptedObjects (0ms)
		BackupInstance (0ms)
		ReleaseScriptingObjects (0ms)
		CreateAndSetChildDomain (1ms)
	RebuildCommonClasses (69ms)
	RebuildNativeTypeToScriptingClass (24ms)
	initialDomainReloadingComplete (88ms)
	LoadAllAssembliesAndSetupDomain (325ms)
		LoadAssemblies (184ms)
		RebuildTransferFunctionScriptingTraits (0ms)
		AnalyzeDomain (318ms)
			TypeCache.Refresh (315ms)
				TypeCache.ScanAssembly (291ms)
			BuildScriptInfoCaches (0ms)
			ResolveRequiredComponents (1ms)
	FinalizeReload (945ms)
		ReleaseScriptCaches (0ms)
		RebuildScriptCaches (0ms)
		SetupLoadedEditorAssemblies (880ms)
			LogAssemblyErrors (0ms)
			InitializePlatformSupportModulesInManaged (469ms)
			SetLoadedEditorAssemblies (6ms)
			BeforeProcessingInitializeOnLoad (114ms)
			ProcessInitializeOnLoadAttributes (200ms)
			ProcessInitializeOnLoadMethodAttributes (91ms)
			AfterProcessingInitializeOnLoad (0ms)
			EditorAssembliesLoaded (0ms)
		ExecutionOrderSort2 (0ms)
		AwakeInstancesAfterBackupRestoration (0ms)
========================================================================
Worker process is ready to serve import requests
Import Worker Mode flag is 0x00
Begin MonoManager ReloadAssembly
- Loaded All Assemblies, in  0.893 seconds
Refreshing native plugins compatible for Editor in 0.95 ms, found 3 plugins.
Native extension for Android target not found
Native extension for WindowsStandalone target not found
Native extension for WebGL target not found
Package Manager log level set to [2]
[Package Manager] Failed to launch server process. Reason: Unity was launched with the -noUpm command-line argument
[Package Manager] Unable to send message (not connected to server process).
[Package Manager] Cannot connect to Unity Package Manager local server
Mono: successfully reloaded assembly
- Finished resetting the current domain, in  1.042 seconds
Domain Reload Profiling: 1932ms
	BeginReloadAssembly (224ms)
		ExecutionOrderSort (0ms)
		DisableScriptedObjects (6ms)
		BackupInstance (0ms)
		ReleaseScriptingObjects (0ms)
		CreateAndSetChildDomain (44ms)
	RebuildCommonClasses (37ms)
	RebuildNativeTypeToScriptingClass (14ms)
	initialDomainReloadingComplete (39ms)
	LoadAllAssembliesAndSetupDomain (576ms)
		LoadAssemblies (376ms)
		RebuildTransferFunctionScriptingTraits (0ms)
		AnalyzeDomain (309ms)
			TypeCache.Refresh (221ms)
				TypeCache.ScanAssembly (197ms)
			BuildScriptInfoCaches (67ms)
			ResolveRequiredComponents (17ms)
	FinalizeReload (1042ms)
		ReleaseScriptCaches (0ms)
		RebuildScriptCaches (0ms)
		SetupLoadedEditorAssemblies (807ms)
			LogAssemblyErrors (0ms)
			InitializePlatformSupportModulesInManaged (15ms)
			SetLoadedEditorAssemblies (4ms)
			BeforeProcessingInitializeOnLoad (176ms)
			ProcessInitializeOnLoadAttributes (554ms)
			ProcessInitializeOnLoadMethodAttributes (53ms)
			AfterProcessingInitializeOnLoad (4ms)
			EditorAssembliesLoaded (0ms)
		ExecutionOrderSort2 (0ms)
		AwakeInstancesAfterBackupRestoration (8ms)
Launched and connected shader compiler UnityShaderCompiler.exe after 0.03 seconds
Refreshing native plugins compatible for Editor in 0.91 ms, found 3 plugins.
Preloading 0 native plugins for Editor in 0.00 ms.
Unloading 29 Unused Serialized files (Serialized files now loaded: 0)
Unloading 6098 unused Assets / (6.3 MB). Loaded Objects now: 6762.
Memory consumption went from 130.6 MB to 124.3 MB.
Total: 11.679900 ms (FindLiveObjects: 1.573000 ms CreateObjectMapping: 0.706300 ms MarkObjects: 5.822500 ms  DeleteObjects: 3.577100 ms)

========================================================================
Received Import Request.
  Time since last request: 206625.300578 seconds.
  path: Assets/Scenes
  artifactKey: Guid(9c53962885c2c4f449125a979d6ad240) Importer(815301076,1909f56bfc062723c751e8b465ee728b)
Start importing Assets/Scenes using Guid(9c53962885c2c4f449125a979d6ad240) Importer(815301076,1909f56bfc062723c751e8b465ee728b) (PreviewImporter) -> (artifact id: 'd65b75f456837a3494a5e6e744543932') in 0.0043448 seconds
Number of updated asset objects reloaded before import = 0Number of asset objects unloaded after import = 0

========================================================================
Received Import Request.
  Time since last request: 0.549832 seconds.
  path: Assets/Scenes/SampleScene.unity
  artifactKey: Guid(99c9720ab356a0642a771bea13969a05) Importer(815301076,1909f56bfc062723c751e8b465ee728b)
Start importing Assets/Scenes/SampleScene.unity using Guid(99c9720ab356a0642a771bea13969a05) Importer(815301076,1909f56bfc062723c751e8b465ee728b) (PreviewImporter) -> (artifact id: '092f7974db3fb175701bdf9959c1e23b') in 0.000801 seconds
Number of updated asset objects reloaded before import = 0Number of asset objects unloaded after import = 0

========================================================================
Received Import Request.
  Time since last request: 4.789575 seconds.
  path: Assets/Scenes/MainScene.unity
  artifactKey: Guid(99c9720ab356a0642a771bea13969a05) Importer(815301076,1909f56bfc062723c751e8b465ee728b)
Start importing Assets/Scenes/MainScene.unity using Guid(99c9720ab356a0642a771bea13969a05) Importer(815301076,1909f56bfc062723c751e8b465ee728b) (PreviewImporter) -> (artifact id: '5acdb3d8ac0b8207878c422067dd4ad8') in 0.0008843 seconds
Number of updated asset objects reloaded before import = 0Number of asset objects unloaded after import = 0

========================================================================
Received Import Request.
  Time since last request: 4964.977759 seconds.
  path: Assets/Settings/UniversalRenderPipelineGlobalSettings.asset
  artifactKey: Guid(18dc0cd2c080841dea60987a38ce93fa) Importer(815301076,1909f56bfc062723c751e8b465ee728b)
Start importing Assets/Settings/UniversalRenderPipelineGlobalSettings.asset using Guid(18dc0cd2c080841dea60987a38ce93fa) Importer(815301076,1909f56bfc062723c751e8b465ee728b) (PreviewImporter) -> (artifact id: '41a686e888db8d62e98c175c476ee6c8') in 0.0501401 seconds
Number of updated asset objects reloaded before import = 0Number of asset objects unloaded after import = 0

========================================================================
Received Import Request.
  Time since last request: 7.453658 seconds.
  path: Assets/InputSystem_Actions.inputactions
  artifactKey: Guid(052faaac586de48259a63d0c4782560b) Importer(2089858483,192608db42251d675da83286b1cce702)
Start importing Assets/InputSystem_Actions.inputactions using Guid(052faaac586de48259a63d0c4782560b) Importer(2089858483,192608db42251d675da83286b1cce702) (ScriptedImporter) -> (artifact id: '0a3053af7ca88a52e27358056c2a1350') in 0.4519268 seconds
Number of updated asset objects reloaded before import = 0Number of asset objects unloaded after import = 22

========================================================================
Received Import Request.
  Time since last request: 0.000023 seconds.
  path: Assets/PolygonPrototype/Models/SM_Buildings_WallDoor_2x3_01.fbx
  artifactKey: Guid(3316d1e99a707354a8f7b236cf8726a8) Importer(2089858483,192608db42251d675da83286b1cce702)
Start importing Assets/PolygonPrototype/Models/SM_Buildings_WallDoor_2x3_01.fbx using Guid(3316d1e99a707354a8f7b236cf8726a8) Importer(2089858483,192608db42251d675da83286b1cce702) (ScriptedImporter) -> (artifact id: '163bf39645746b785a3c93ca894ccb40') in 0.0808277 seconds
Number of updated asset objects reloaded before import = 0Number of asset objects unloaded after import = 7

========================================================================
Received Import Request.
  Time since last request: 0.000028 seconds.
  path: Assets/PolygonPrototype/Materials/PolygonPrototype_Global_Grid_04.mat
  artifactKey: Guid(c70e075a2144ba04784d74b7b2889fd3) Importer(2089858483,192608db42251d675da83286b1cce702)
Start importing Assets/PolygonPrototype/Materials/PolygonPrototype_Global_Grid_04.mat using Guid(c70e075a2144ba04784d74b7b2889fd3) Importer(2089858483,192608db42251d675da83286b1cce702) (ScriptedImporter) -> (artifact id: 'be379f3748f0ed7dce3dc9b24e240574') in 0.0367614 seconds
Number of updated asset objects reloaded before import = 0Number of asset objects unloaded after import = 7

========================================================================
Received Import Request.
  Time since last request: 0.000018 seconds.
  path: Assets/Scenes/MainScene/Global Volume Profile.asset
  artifactKey: Guid(0df6f8fd9ea06ae4d95a67d7f4fe5e41) Importer(2089858483,192608db42251d675da83286b1cce702)
Start importing Assets/Scenes/MainScene/Global Volume Profile.asset using Guid(0df6f8fd9ea06ae4d95a67d7f4fe5e41) Importer(2089858483,192608db42251d675da83286b1cce702) (ScriptedImporter) -> (artifact id: '76e8665de3c1d4fbd1fa6726589732b3') in 0.0183927 seconds
Number of updated asset objects reloaded before import = 0Number of asset objects unloaded after import = 4

========================================================================
Received Import Request.
  Time since last request: 0.000021 seconds.
  path: Assets/PolygonPrototype/Materials/PolygonPrototype_Texture_06.mat
  artifactKey: Guid(25af05085d2957e42ac6b80b69ddd26a) Importer(2089858483,192608db42251d675da83286b1cce702)
Start importing Assets/PolygonPrototype/Materials/PolygonPrototype_Texture_06.mat using Guid(25af05085d2957e42ac6b80b69ddd26a) Importer(2089858483,192608db42251d675da83286b1cce702) (ScriptedImporter) -> (artifact id: 'd9a7633b93e61e0eda61c3155a38697b') in 0.0280486 seconds
Number of updated asset objects reloaded before import = 0Number of asset objects unloaded after import = 2

========================================================================
Received Import Request.
  Time since last request: 0.000025 seconds.
  path: Assets/PolygonPrototype/Textures/PolygonPrototype_Texture_01.png
  artifactKey: Guid(86cb957541c7c8542a6306ffb82e6833) Importer(2089858483,192608db42251d675da83286b1cce702)
Start importing Assets/PolygonPrototype/Textures/PolygonPrototype_Texture_01.png using Guid(86cb957541c7c8542a6306ffb82e6833) Importer(2089858483,192608db42251d675da83286b1cce702) (ScriptedImporter) -> (artifact id: '38b888ecc19af251e44ab80ec49fd0ca') in 0.0563963 seconds
Number of updated asset objects reloaded before import = 0Number of asset objects unloaded after import = 1

========================================================================
Received Import Request.
  Time since last request: 0.000035 seconds.
  path: Assets/PolygonPrototype/Materials/PolygonPrototype_Global_Grid_10.mat
  artifactKey: Guid(b705b36c0a031c74bb375ee73b5ecce3) Importer(2089858483,192608db42251d675da83286b1cce702)
Start importing Assets/PolygonPrototype/Materials/PolygonPrototype_Global_Grid_10.mat using Guid(b705b36c0a031c74bb375ee73b5ecce3) Importer(2089858483,192608db42251d675da83286b1cce702) (ScriptedImporter) -> (artifact id: '68c27ca6d8df168eafac06e7727e6bf3') in 0.0240989 seconds
Number of updated asset objects reloaded before import = 0Number of asset objects unloaded after import = 7

========================================================================
Received Import Request.
  Time since last request: 0.000020 seconds.
  path: Assets/PolygonPrototype/Textures/PolygonPrototype_Texture_Grid_03.png
  artifactKey: Guid(86507321c175292409cc422c5e33d711) Importer(2089858483,192608db42251d675da83286b1cce702)
Start importing Assets/PolygonPrototype/Textures/PolygonPrototype_Texture_Grid_03.png using Guid(86507321c175292409cc422c5e33d711) Importer(2089858483,192608db42251d675da83286b1cce702) (ScriptedImporter) -> (artifact id: '2d60f25fc69eee40bb34bc68d876143e') in 0.0277569 seconds
Number of updated asset objects reloaded before import = 0Number of asset objects unloaded after import = 1

========================================================================
Received Import Request.
  Time since last request: 0.000019 seconds.
  path: Assets/PolygonPrototype/Materials/FX/PolygonPrototype_FX_Default_02.mat
  artifactKey: Guid(8a0e7ee5bc785f84fbd928c0714e67fd) Importer(2089858483,192608db42251d675da83286b1cce702)
Start importing Assets/PolygonPrototype/Materials/FX/PolygonPrototype_FX_Default_02.mat using Guid(8a0e7ee5bc785f84fbd928c0714e67fd) Importer(2089858483,192608db42251d675da83286b1cce702) (ScriptedImporter) -> (artifact id: '88a829f8e1f0606babf300f03635b6f3') in 0.0172683 seconds
Number of updated asset objects reloaded before import = 0Number of asset objects unloaded after import = 1

========================================================================
Received Import Request.
  Time since last request: 0.000023 seconds.
  path: Assets/PolygonPrototype/Materials/FX/PolygonPrototype_FX_Dirt.mat
  artifactKey: Guid(e4e23eb8ec1b3c449bf23e4fafb02a1a) Importer(2089858483,192608db42251d675da83286b1cce702)
Start importing Assets/PolygonPrototype/Materials/FX/PolygonPrototype_FX_Dirt.mat using Guid(e4e23eb8ec1b3c449bf23e4fafb02a1a) Importer(2089858483,192608db42251d675da83286b1cce702) (ScriptedImporter) -> (artifact id: '0e0d657c170e7521ae977398c88f410d') in 0.0203051 seconds
Number of updated asset objects reloaded before import = 0Number of asset objects unloaded after import = 1

========================================================================
Received Import Request.
  Time since last request: 0.000038 seconds.
  path: Assets/PolygonPrototype/Materials/Misc/PolygonPrototype_Water.mat
  artifactKey: Guid(3b3b5fc58ad0da34e8c6df4d5a51b035) Importer(2089858483,192608db42251d675da83286b1cce702)
Start importing Assets/PolygonPrototype/Materials/Misc/PolygonPrototype_Water.mat using Guid(3b3b5fc58ad0da34e8c6df4d5a51b035) Importer(2089858483,192608db42251d675da83286b1cce702) (ScriptedImporter) -> (artifact id: 'afacc3fdb1318593c7d63f4342cd1b2d') in 0.0176818 seconds
Number of updated asset objects reloaded before import = 0Number of asset objects unloaded after import = 1

========================================================================
Received Import Request.
  Time since last request: 0.000019 seconds.
  path: Assets/PolygonPrototype/Materials/PolygonPrototype_Texture_03.mat
  artifactKey: Guid(673443bdcb7bf2f47be93ce60e68966f) Importer(2089858483,192608db42251d675da83286b1cce702)
Start importing Assets/PolygonPrototype/Materials/PolygonPrototype_Texture_03.mat using Guid(673443bdcb7bf2f47be93ce60e68966f) Importer(2089858483,192608db42251d675da83286b1cce702) (ScriptedImporter) -> (artifact id: 'c25c2bde5ea5b6c0c8ae1f80725714de') in 0.0217661 seconds
Number of updated asset objects reloaded before import = 0Number of asset objects unloaded after import = 2

========================================================================
Received Import Request.
  Time since last request: 0.000018 seconds.
  path: Assets/PolygonPrototype/Materials/PolygonPrototype_Glass_Global.mat
  artifactKey: Guid(0e6d9344d5bbb9a4abca1058f4e295d6) Importer(2089858483,192608db42251d675da83286b1cce702)
Start importing Assets/PolygonPrototype/Materials/PolygonPrototype_Glass_Global.mat using Guid(0e6d9344d5bbb9a4abca1058f4e295d6) Importer(2089858483,192608db42251d675da83286b1cce702) (ScriptedImporter) -> (artifact id: '700cc1e68e4d1d44b8f2841b88c82275') in 0.0218919 seconds
Number of updated asset objects reloaded before import = 0Number of asset objects unloaded after import = 6

========================================================================
Received Import Request.
  Time since last request: 0.000021 seconds.
  path: Assets/PolygonPrototype/Models/SM_Prop_Knife_01.fbx
  artifactKey: Guid(88ef0415f57d7a4478fa57094be1876a) Importer(2089858483,192608db42251d675da83286b1cce702)
Start importing Assets/PolygonPrototype/Models/SM_Prop_Knife_01.fbx using Guid(88ef0415f57d7a4478fa57094be1876a) Importer(2089858483,192608db42251d675da83286b1cce702) (ScriptedImporter) -> (artifact id: 'd2b5ad9aa180d8035e336ec2ed378d4d') in 0.0247139 seconds
Number of updated asset objects reloaded before import = 0Number of asset objects unloaded after import = 7

========================================================================
Received Import Request.
  Time since last request: 0.000023 seconds.
  path: Assets/PolygonPrototype/Textures/PolygonPrototype_Texture_01_Emission.png
  artifactKey: Guid(c0cde391f6ee96749be5d6df0f1c83d5) Importer(2089858483,192608db42251d675da83286b1cce702)
Start importing Assets/PolygonPrototype/Textures/PolygonPrototype_Texture_01_Emission.png using Guid(c0cde391f6ee96749be5d6df0f1c83d5) Importer(2089858483,192608db42251d675da83286b1cce702) (ScriptedImporter) -> (artifact id: '9baa5f36c10c562f3b8496c15a5e6eba') in 0.0222228 seconds
Number of updated asset objects reloaded before import = 0Number of asset objects unloaded after import = 1

========================================================================
Received Import Request.
  Time since last request: 0.000026 seconds.
  path: Assets/PolygonPrototype/Models/Materials/lambert4SG4.mat
  artifactKey: Guid(905ebc06b3b6dbc4f9cef4af52e4d418) Importer(2089858483,192608db42251d675da83286b1cce702)
Start importing Assets/PolygonPrototype/Models/Materials/lambert4SG4.mat using Guid(905ebc06b3b6dbc4f9cef4af52e4d418) Importer(2089858483,192608db42251d675da83286b1cce702) (ScriptedImporter) -> (artifact id: 'f34cbdd71e02b92b32cb77fccc382d87') in 0.0582131 seconds
Number of updated asset objects reloaded before import = 0Number of asset objects unloaded after import = 1

========================================================================
Received Import Request.
  Time since last request: 0.000024 seconds.
  path: Assets/PolygonPrototype/Prefabs/Props/SM_Prop_Crate_01.prefab
  artifactKey: Guid(e1b9e21039285c042b92ea66c7f1c444) Importer(2089858483,192608db42251d675da83286b1cce702)
Start importing Assets/PolygonPrototype/Prefabs/Props/SM_Prop_Crate_01.prefab using Guid(e1b9e21039285c042b92ea66c7f1c444) Importer(2089858483,192608db42251d675da83286b1cce702) (ScriptedImporter) -> (artifact id: '3ad5e4df4a57353b78c3fccab888287c') in 0.0462919 seconds
Number of updated asset objects reloaded before import = 0Number of asset objects unloaded after import = 9

========================================================================
Received Import Request.
  Time since last request: 0.000022 seconds.
  path: Assets/PolygonPrototype/Materials/PolygonPrototype_Texture_07.mat
  artifactKey: Guid(6ba9f4735549d5b44b46a1e2a07ff751) Importer(2089858483,192608db42251d675da83286b1cce702)
Start importing Assets/PolygonPrototype/Materials/PolygonPrototype_Texture_07.mat using Guid(6ba9f4735549d5b44b46a1e2a07ff751) Importer(2089858483,192608db42251d675da83286b1cce702) (ScriptedImporter) -> (artifact id: '9e19c6fa7710728767cb718ce4408bb4') in 0.0204551 seconds
Number of updated asset objects reloaded before import = 0Number of asset objects unloaded after import = 2

========================================================================
Received Import Request.
  Time since last request: 0.000024 seconds.
  path: Assets/PolygonPrototype/Materials/FX/PolygonPrototype_FX_GlowRing.mat
  artifactKey: Guid(bf8b699dcdcd73e49a261a38c68b012b) Importer(2089858483,192608db42251d675da83286b1cce702)
Start importing Assets/PolygonPrototype/Materials/FX/PolygonPrototype_FX_GlowRing.mat using Guid(bf8b699dcdcd73e49a261a38c68b012b) Importer(2089858483,192608db42251d675da83286b1cce702) (ScriptedImporter) -> (artifact id: 'aad1b7194a752059c20bce4b2f556e3e') in 0.019842 seconds
Number of updated asset objects reloaded before import = 0Number of asset objects unloaded after import = 1

========================================================================
Received Import Request.
  Time since last request: 0.000028 seconds.
  path: Assets/PolygonPrototype/Prefabs/Props/SM_Prop_Synty_Cube_01.prefab
  artifactKey: Guid(feddb6666a6474b4a80e6e7fc805f21f) Importer(2089858483,192608db42251d675da83286b1cce702)
Start importing Assets/PolygonPrototype/Prefabs/Props/SM_Prop_Synty_Cube_01.prefab using Guid(feddb6666a6474b4a80e6e7fc805f21f) Importer(2089858483,192608db42251d675da83286b1cce702) (ScriptedImporter) -> (artifact id: '1cf0ea79d513237f0440f183daa6231a') in 0.0256097 seconds
Number of updated asset objects reloaded before import = 0Number of asset objects unloaded after import = 9

========================================================================
Received Import Request.
  Time since last request: 0.000019 seconds.
  path: Assets/PolygonPrototype/Textures/PolygonPrototype_Texture_03.png
  artifactKey: Guid(24f3639160792c447b0654fa3b55a9da) Importer(2089858483,192608db42251d675da83286b1cce702)
Start importing Assets/PolygonPrototype/Textures/PolygonPrototype_Texture_03.png using Guid(24f3639160792c447b0654fa3b55a9da) Importer(2089858483,192608db42251d675da83286b1cce702) (ScriptedImporter) -> (artifact id: '256a2e2eec8305c310389a056dfaf307') in 0.0268756 seconds
Number of updated asset objects reloaded before import = 0Number of asset objects unloaded after import = 1

========================================================================
Received Import Request.
  Time since last request: 0.000016 seconds.
  path: Assets/TutorialInfo/Scripts/Editor/ReadmeEditor.cs
  artifactKey: Guid(476cc7d7cd9874016adc216baab94a0a) Importer(2089858483,192608db42251d675da83286b1cce702)
Start importing Assets/TutorialInfo/Scripts/Editor/ReadmeEditor.cs using Guid(476cc7d7cd9874016adc216baab94a0a) Importer(2089858483,192608db42251d675da83286b1cce702) (ScriptedImporter) -> (artifact id: '6a5d4d1fc2e309f664e008e89d89659d') in 0.0177327 seconds
Number of updated asset objects reloaded before import = 0Number of asset objects unloaded after import = 0

========================================================================
Received Import Request.
  Time since last request: 0.000018 seconds.
  path: Assets/PolygonPrototype/Prefabs/Buildings/Polygon/SM_Buildings_WallDoor_5x3_01P.prefab
  artifactKey: Guid(5af8c7596fa30f04f8fa65a374010693) Importer(2089858483,192608db42251d675da83286b1cce702)
Start importing Assets/PolygonPrototype/Prefabs/Buildings/Polygon/SM_Buildings_WallDoor_5x3_01P.prefab using Guid(5af8c7596fa30f04f8fa65a374010693) Importer(2089858483,192608db42251d675da83286b1cce702) (ScriptedImporter) -> (artifact id: 'a7d7bd29cbf1339aab9a76609df94828') in 0.0223508 seconds
Number of updated asset objects reloaded before import = 0Number of asset objects unloaded after import = 10

========================================================================
Received Import Request.
  Time since last request: 0.000022 seconds.
  path: Assets/PolygonPrototype/Materials/PolygonPrototype_Global_Grid_01.mat
  artifactKey: Guid(4930c6ffa5b9b9f4098249a43abf8506) Importer(2089858483,192608db42251d675da83286b1cce702)
Start importing Assets/PolygonPrototype/Materials/PolygonPrototype_Global_Grid_01.mat using Guid(4930c6ffa5b9b9f4098249a43abf8506) Importer(2089858483,192608db42251d675da83286b1cce702) (ScriptedImporter) -> (artifact id: '3163c1461dc7dcff03d3a1a89cd18c72') in 0.0247258 seconds
Number of updated asset objects reloaded before import = 0Number of asset objects unloaded after import = 7

========================================================================
Received Import Request.
  Time since last request: 0.000027 seconds.
  path: Assets/Settings/PC_Renderer.asset
  artifactKey: Guid(f288ae1f4751b564a96ac7587541f7a2) Importer(2089858483,192608db42251d675da83286b1cce702)
Start importing Assets/Settings/PC_Renderer.asset using Guid(f288ae1f4751b564a96ac7587541f7a2) Importer(2089858483,192608db42251d675da83286b1cce702) (ScriptedImporter) -> (artifact id: '67273c0d971a1601f92c6783e85f8f0d') in 0.0515849 seconds
Number of updated asset objects reloaded before import = 0Number of asset objects unloaded after import = 1

========================================================================
Received Import Request.
  Time since last request: 0.000023 seconds.
  path: Assets/PolygonPrototype/Models/SM_Buildings_Wall_2x3_01.fbx
  artifactKey: Guid(cbdda53aa8be0d841a4f044817656a44) Importer(2089858483,192608db42251d675da83286b1cce702)
Start importing Assets/PolygonPrototype/Models/SM_Buildings_Wall_2x3_01.fbx using Guid(cbdda53aa8be0d841a4f044817656a44) Importer(2089858483,192608db42251d675da83286b1cce702) (ScriptedImporter) -> (artifact id: 'bf20c57fe0e157d396d48f353007914d') in 0.0303236 seconds
Number of updated asset objects reloaded before import = 0Number of asset objects unloaded after import = 7

========================================================================
Received Import Request.
  Time since last request: 0.000017 seconds.
  path: Assets/Settings/DefaultVolumeProfile.asset
  artifactKey: Guid(ab09877e2e707104187f6f83e2f62510) Importer(2089858483,192608db42251d675da83286b1cce702)
Start importing Assets/Settings/DefaultVolumeProfile.asset using Guid(ab09877e2e707104187f6f83e2f62510) Importer(2089858483,192608db42251d675da83286b1cce702) (ScriptedImporter) -> (artifact id: '9c1e515f69245e95cc337466e9c5f7c1') in 0.0208277 seconds
Number of updated asset objects reloaded before import = 0Number of asset objects unloaded after import = 0

========================================================================
Received Import Request.
  Time since last request: 0.000026 seconds.
  path: Assets/PolygonPrototype/Textures/PolygonPrototype_Texture_08.png
  artifactKey: Guid(ddab983e2c69e254983f35d0ef86f336) Importer(2089858483,192608db42251d675da83286b1cce702)
Start importing Assets/PolygonPrototype/Textures/PolygonPrototype_Texture_08.png using Guid(ddab983e2c69e254983f35d0ef86f336) Importer(2089858483,192608db42251d675da83286b1cce702) (ScriptedImporter) -> (artifact id: 'f1536c3b28f72245604276a7e29cb5e3') in 0.0269577 seconds
Number of updated asset objects reloaded before import = 0Number of asset objects unloaded after import = 1

========================================================================
Received Import Request.
  Time since last request: 0.000037 seconds.
  path: Assets/PolygonPrototype/Models/SM_Prop_Crate_01.fbx
  artifactKey: Guid(7648119b4055248489399d8172e1ccbc) Importer(2089858483,192608db42251d675da83286b1cce702)
Start importing Assets/PolygonPrototype/Models/SM_Prop_Crate_01.fbx using Guid(7648119b4055248489399d8172e1ccbc) Importer(2089858483,192608db42251d675da83286b1cce702) (ScriptedImporter) -> (artifact id: '9d55fda27ece54f4ec552b6674b2964e') in 0.0251402 seconds
Number of updated asset objects reloaded before import = 0Number of asset objects unloaded after import = 7

========================================================================
Received Import Request.
  Time since last request: 0.000018 seconds.
  path: Assets/PolygonPrototype/Prefabs/Buildings/Simple/SM_Buildings_WallDoor_2x3_01.prefab
  artifactKey: Guid(19b73e565ad468d41b78dad854dab176) Importer(2089858483,192608db42251d675da83286b1cce702)
Start importing Assets/PolygonPrototype/Prefabs/Buildings/Simple/SM_Buildings_WallDoor_2x3_01.prefab using Guid(19b73e565ad468d41b78dad854dab176) Importer(2089858483,192608db42251d675da83286b1cce702) (ScriptedImporter) -> (artifact id: '4f54a64fa2d48498cf5ded190ddb9b84') in 0.0243518 seconds
Number of updated asset objects reloaded before import = 0Number of asset objects unloaded after import = 9

========================================================================
Received Import Request.
  Time since last request: 0.000022 seconds.
  path: Assets/PolygonPrototype/Prefabs/Buildings/Simple/SM_Buildings_Wall_5x3_01.prefab
  artifactKey: Guid(46e18d94e2668c5479029197e6379a8e) Importer(2089858483,192608db42251d675da83286b1cce702)
Start importing Assets/PolygonPrototype/Prefabs/Buildings/Simple/SM_Buildings_Wall_5x3_01.prefab using Guid(46e18d94e2668c5479029197e6379a8e) Importer(2089858483,192608db42251d675da83286b1cce702) (ScriptedImporter) -> (artifact id: 'b5f3d886dcba4df318e5880237ff057a') in 0.0256167 seconds
Number of updated asset objects reloaded before import = 0Number of asset objects unloaded after import = 9

========================================================================
Received Import Request.
  Time since last request: 0.000024 seconds.
  path: Assets/PolygonPrototype/Prefabs/Buildings/Polygon/SM_Buildings_Block_1x1_01P.prefab
  artifactKey: Guid(baebdd3b26f756b4c8f1b2d2efe1cf42) Importer(2089858483,192608db42251d675da83286b1cce702)
Start importing Assets/PolygonPrototype/Prefabs/Buildings/Polygon/SM_Buildings_Block_1x1_01P.prefab using Guid(baebdd3b26f756b4c8f1b2d2efe1cf42) Importer(2089858483,192608db42251d675da83286b1cce702) (ScriptedImporter) -> (artifact id: '090435f9789961fedea1f2e2ae04e31a') in 0.0239537 seconds
Number of updated asset objects reloaded before import = 0Number of asset objects unloaded after import = 10

========================================================================
Received Import Request.
  Time since last request: 0.000019 seconds.
  path: Assets/PolygonPrototype/URP_ExtractMe.unitypackage
  artifactKey: Guid(35e2ac7db1165da40aad559f01021327) Importer(2089858483,192608db42251d675da83286b1cce702)
Start importing Assets/PolygonPrototype/URP_ExtractMe.unitypackage using Guid(35e2ac7db1165da40aad559f01021327) Importer(2089858483,192608db42251d675da83286b1cce702) (ScriptedImporter) -> (artifact id: '5a644110c51aec70d25b62d3292b1629') in 0.0171539 seconds
Number of updated asset objects reloaded before import = 0Number of asset objects unloaded after import = 1

========================================================================
Received Import Request.
  Time since last request: 0.000025 seconds.
  path: Assets/PolygonPrototype/Textures/PolygonPrototype_Texture_06.png
  artifactKey: Guid(39e6fbca0660715408ee44a3391e9b29) Importer(2089858483,192608db42251d675da83286b1cce702)
Start importing Assets/PolygonPrototype/Textures/PolygonPrototype_Texture_06.png using Guid(39e6fbca0660715408ee44a3391e9b29) Importer(2089858483,192608db42251d675da83286b1cce702) (ScriptedImporter) -> (artifact id: 'de749c8f87a0cb3f385aaa1148e85a39') in 0.0236139 seconds
Number of updated asset objects reloaded before import = 0Number of asset objects unloaded after import = 1

========================================================================
Received Import Request.
  Time since last request: 0.000035 seconds.
  path: Assets/PolygonPrototype/Prefabs/Buildings/Polygon/SM_Buildings_WallArch_2x3_01P.prefab
  artifactKey: Guid(13e30060410583d4f8fe91dc00fd9abc) Importer(2089858483,192608db42251d675da83286b1cce702)
Start importing Assets/PolygonPrototype/Prefabs/Buildings/Polygon/SM_Buildings_WallArch_2x3_01P.prefab using Guid(13e30060410583d4f8fe91dc00fd9abc) Importer(2089858483,192608db42251d675da83286b1cce702) (ScriptedImporter) -> (artifact id: '78738eb435bd33e0436144f87af01fc5') in 0.0238365 seconds
Number of updated asset objects reloaded before import = 0Number of asset objects unloaded after import = 10

========================================================================
Received Import Request.
  Time since last request: 0.000018 seconds.
  path: Assets/PolygonPrototype/Prefabs/Buildings/Polygon/SM_Buildings_Wall_2x3_01P.prefab
  artifactKey: Guid(682255724988b1541af0927787d8456e) Importer(2089858483,192608db42251d675da83286b1cce702)
Start importing Assets/PolygonPrototype/Prefabs/Buildings/Polygon/SM_Buildings_Wall_2x3_01P.prefab using Guid(682255724988b1541af0927787d8456e) Importer(2089858483,192608db42251d675da83286b1cce702) (ScriptedImporter) -> (artifact id: '694ffde99eb6a532afaef5440c4ba326') in 0.0241949 seconds
Number of updated asset objects reloaded before import = 0Number of asset objects unloaded after import = 10

========================================================================
Received Import Request.
  Time since last request: 0.000021 seconds.
  path: Assets/PolygonPrototype/Models/SM_Buildings_WallArch_2x3_01P.fbx
  artifactKey: Guid(63a79dfcc562bbf40ac782cef8f448aa) Importer(2089858483,192608db42251d675da83286b1cce702)
Start importing Assets/PolygonPrototype/Models/SM_Buildings_WallArch_2x3_01P.fbx using Guid(63a79dfcc562bbf40ac782cef8f448aa) Importer(2089858483,192608db42251d675da83286b1cce702) (ScriptedImporter) -> (artifact id: '69b717b51e8570d8f1c364147c82f318') in 0.0247342 seconds
Number of updated asset objects reloaded before import = 0Number of asset objects unloaded after import = 7

========================================================================
Received Import Request.
  Time since last request: 0.000029 seconds.
  path: Assets/PolygonPrototype/Prefabs/Buildings/Simple/SM_Buildings_WallDoorDouble_3x3_01.prefab
  artifactKey: Guid(6c9c8f866a80807479f0038322f300da) Importer(2089858483,192608db42251d675da83286b1cce702)
Start importing Assets/PolygonPrototype/Prefabs/Buildings/Simple/SM_Buildings_WallDoorDouble_3x3_01.prefab using Guid(6c9c8f866a80807479f0038322f300da) Importer(2089858483,192608db42251d675da83286b1cce702) (ScriptedImporter) -> (artifact id: '08435c18873c2256e554c1f4f4dfa167') in 0.0176336 seconds
Number of updated asset objects reloaded before import = 0Number of asset objects unloaded after import = 9

========================================================================
Received Import Request.
  Time since last request: 0.000023 seconds.
  path: Assets/PolygonPrototype/Models/SM_Prop_Sword_01.fbx
  artifactKey: Guid(c28ee7a0865bf1d4188f2b448cbd0c09) Importer(2089858483,192608db42251d675da83286b1cce702)
Start importing Assets/PolygonPrototype/Models/SM_Prop_Sword_01.fbx using Guid(c28ee7a0865bf1d4188f2b448cbd0c09) Importer(2089858483,192608db42251d675da83286b1cce702) (ScriptedImporter) -> (artifact id: '7f2096cc317bf55f53265cc7820ff64c') in 0.0224797 seconds
Number of updated asset objects reloaded before import = 0Number of asset objects unloaded after import = 7

========================================================================
Received Import Request.
  Time since last request: 0.000019 seconds.
  path: Assets/PolygonPrototype/Prefabs/Buildings/Simple/SM_Buildings_Wall_1x3_01.prefab
  artifactKey: Guid(df31c83b27360844d9c8bb3549762491) Importer(2089858483,192608db42251d675da83286b1cce702)
Start importing Assets/PolygonPrototype/Prefabs/Buildings/Simple/SM_Buildings_Wall_1x3_01.prefab using Guid(df31c83b27360844d9c8bb3549762491) Importer(2089858483,192608db42251d675da83286b1cce702) (ScriptedImporter) -> (artifact id: '1b581076b5323c4f6e75c6c6b4f6210e') in 0.0261249 seconds
Number of updated asset objects reloaded before import = 0Number of asset objects unloaded after import = 9

========================================================================
Received Import Request.
  Time since last request: 0.000023 seconds.
  path: Assets/Scenes/MainScene.unity
  artifactKey: Guid(99c9720ab356a0642a771bea13969a05) Importer(2089858483,192608db42251d675da83286b1cce702)
Start importing Assets/Scenes/MainScene.unity using Guid(99c9720ab356a0642a771bea13969a05) Importer(2089858483,192608db42251d675da83286b1cce702) (ScriptedImporter) -> (artifact id: '2108dca915252af8e4cccef79645e0d5') in 0.0164873 seconds
Number of updated asset objects reloaded before import = 0Number of asset objects unloaded after import = 1

========================================================================
Received Import Request.
  Time since last request: 0.000035 seconds.
  path: Assets/PolygonPrototype/Models/SM_Buildings_WallDoorDouble_5x3_01.fbx
  artifactKey: Guid(48d84bda24591244bbc6b1afcb9c31ac) Importer(2089858483,192608db42251d675da83286b1cce702)
Start importing Assets/PolygonPrototype/Models/SM_Buildings_WallDoorDouble_5x3_01.fbx using Guid(48d84bda24591244bbc6b1afcb9c31ac) Importer(2089858483,192608db42251d675da83286b1cce702) (ScriptedImporter) -> (artifact id: 'b5a6fdd92609cf33c41990a6c733ca88') in 0.0252227 seconds
Number of updated asset objects reloaded before import = 0Number of asset objects unloaded after import = 7

========================================================================
Received Import Request.
  Time since last request: 0.000024 seconds.
  path: Assets/PolygonPrototype/Prefabs/Props/SM_Prop_Knife_01.prefab
  artifactKey: Guid(53288e2e44402a149a88a9c02ab0b18a) Importer(2089858483,192608db42251d675da83286b1cce702)
Start importing Assets/PolygonPrototype/Prefabs/Props/SM_Prop_Knife_01.prefab using Guid(53288e2e44402a149a88a9c02ab0b18a) Importer(2089858483,192608db42251d675da83286b1cce702) (ScriptedImporter) -> (artifact id: 'c4fbaf2a4c0a409375daf711e2895814') in 0.0236259 seconds
Number of updated asset objects reloaded before import = 0Number of asset objects unloaded after import = 9

========================================================================
Received Import Request.
  Time since last request: 0.000035 seconds.
  path: Assets/TutorialInfo/Layout.wlt
  artifactKey: Guid(eabc9546105bf4accac1fd62a63e88e6) Importer(2089858483,192608db42251d675da83286b1cce702)
Start importing Assets/TutorialInfo/Layout.wlt using Guid(eabc9546105bf4accac1fd62a63e88e6) Importer(2089858483,192608db42251d675da83286b1cce702) (ScriptedImporter) -> (artifact id: '18d8771a925faa3abd370e8c5695e449') in 0.0169093 seconds
Number of updated asset objects reloaded before import = 0Number of asset objects unloaded after import = 1

========================================================================
Received Import Request.
  Time since last request: 0.000021 seconds.
  path: Assets/PolygonPrototype/Models/SM_Buildings_Block_1x1_02.fbx
  artifactKey: Guid(d6432d0969107d640bf77b6507ea972d) Importer(2089858483,192608db42251d675da83286b1cce702)
Start importing Assets/PolygonPrototype/Models/SM_Buildings_Block_1x1_02.fbx using Guid(d6432d0969107d640bf77b6507ea972d) Importer(2089858483,192608db42251d675da83286b1cce702) (ScriptedImporter) -> (artifact id: '1ef3a4f76bdf1d2df403c419f1e020f5') in 0.026658 seconds
Number of updated asset objects reloaded before import = 0Number of asset objects unloaded after import = 7

========================================================================
Received Import Request.
  Time since last request: 0.000027 seconds.
  path: Assets/PolygonPrototype/Models/SM_Buildings_Column_1x3_01P.fbx
  artifactKey: Guid(2efeb3cf1e1bb324ea1451eb66da2407) Importer(2089858483,192608db42251d675da83286b1cce702)
Start importing Assets/PolygonPrototype/Models/SM_Buildings_Column_1x3_01P.fbx using Guid(2efeb3cf1e1bb324ea1451eb66da2407) Importer(2089858483,192608db42251d675da83286b1cce702) (ScriptedImporter) -> (artifact id: '48c4b12f2a869f00f1fa3f7efe3598cc') in 0.0256201 seconds
Number of updated asset objects reloaded before import = 0Number of asset objects unloaded after import = 7

========================================================================
Received Import Request.
  Time since last request: 0.000023 seconds.
  path: Assets/PolygonPrototype/Textures/PolygonPrototype_Texture_04.png
  artifactKey: Guid(56d0dcfd4f388074b86b2ca24191e027) Importer(2089858483,192608db42251d675da83286b1cce702)
Start importing Assets/PolygonPrototype/Textures/PolygonPrototype_Texture_04.png using Guid(56d0dcfd4f388074b86b2ca24191e027) Importer(2089858483,192608db42251d675da83286b1cce702) (ScriptedImporter) -> (artifact id: '165589cabe5d99de2886c42b743d7fff') in 0.0257102 seconds
Number of updated asset objects reloaded before import = 0Number of asset objects unloaded after import = 1

========================================================================
Received Import Request.
  Time since last request: 0.000014 seconds.
  path: Assets/PolygonPrototype/Shaders/Prototype_Global_URP.shadergraph
  artifactKey: Guid(bf00925b2fbda49499ccc0de47e0d8ca) Importer(2089858483,192608db42251d675da83286b1cce702)
Start importing Assets/PolygonPrototype/Shaders/Prototype_Global_URP.shadergraph using Guid(bf00925b2fbda49499ccc0de47e0d8ca) Importer(2089858483,192608db42251d675da83286b1cce702) (ScriptedImporter) -> (artifact id: '53712e5b94f15bb3ec6bfdba6738bc89') in 0.0217074 seconds
Number of updated asset objects reloaded before import = 0Number of asset objects unloaded after import = 5

========================================================================
Received Import Request.
  Time since last request: 0.000017 seconds.
  path: Assets/PolygonPrototype/Materials/Triplanar_ObjectSpace/PolygonPrototype_Object.mat
  artifactKey: Guid(918c2dec12a4fdb4585051b70cfed921) Importer(2089858483,192608db42251d675da83286b1cce702)
Start importing Assets/PolygonPrototype/Materials/Triplanar_ObjectSpace/PolygonPrototype_Object.mat using Guid(918c2dec12a4fdb4585051b70cfed921) Importer(2089858483,192608db42251d675da83286b1cce702) (ScriptedImporter) -> (artifact id: 'e3cfc8725662f1b22a564bf9320ed0f0') in 0.0206149 seconds
Number of updated asset objects reloaded before import = 0Number of asset objects unloaded after import = 6

========================================================================
Received Import Request.
  Time since last request: 0.000033 seconds.
  path: Assets/PolygonPrototype/Prefabs/Props/SM_Prop_Sword_01.prefab
  artifactKey: Guid(f124a282fc554ba40aabfad1c3f4d7a9) Importer(2089858483,192608db42251d675da83286b1cce702)
Start importing Assets/PolygonPrototype/Prefabs/Props/SM_Prop_Sword_01.prefab using Guid(f124a282fc554ba40aabfad1c3f4d7a9) Importer(2089858483,192608db42251d675da83286b1cce702) (ScriptedImporter) -> (artifact id: '811353f43a5e4268501def00794c7020') in 0.0227551 seconds
Number of updated asset objects reloaded before import = 0Number of asset objects unloaded after import = 9

========================================================================
Received Import Request.
  Time since last request: 0.000021 seconds.
  path: Assets/PolygonPrototype/Models/SM_Buildings_Column_2x3_01.fbx
  artifactKey: Guid(b45e496b386039141af15f243dd3ac22) Importer(2089858483,192608db42251d675da83286b1cce702)
Start importing Assets/PolygonPrototype/Models/SM_Buildings_Column_2x3_01.fbx using Guid(b45e496b386039141af15f243dd3ac22) Importer(2089858483,192608db42251d675da83286b1cce702) (ScriptedImporter) -> (artifact id: 'e05be63df8ee2f0eba471f718ccb746f') in 0.0275325 seconds
Number of updated asset objects reloaded before import = 0Number of asset objects unloaded after import = 7

========================================================================
Received Import Request.
  Time since last request: 0.000022 seconds.
  path: Assets/PolygonPrototype/Models/SM_Prop_Barrel_01.fbx
  artifactKey: Guid(270efc4fb3c7ef74cb77f88b77cefaa1) Importer(2089858483,192608db42251d675da83286b1cce702)
Start importing Assets/PolygonPrototype/Models/SM_Prop_Barrel_01.fbx using Guid(270efc4fb3c7ef74cb77f88b77cefaa1) Importer(2089858483,192608db42251d675da83286b1cce702) (ScriptedImporter) -> (artifact id: '63a48d8b9b5a5dcef36a99eb15f54383') in 0.0288295 seconds
Number of updated asset objects reloaded before import = 0Number of asset objects unloaded after import = 7

========================================================================
Received Import Request.
  Time since last request: 0.000019 seconds.
  path: Assets/PolygonPrototype/Materials/Triplanar_ObjectSpace/PolygonPrototype_Glass_Object.mat
  artifactKey: Guid(988c2e2fad5caf64788ccfa98656d40d) Importer(2089858483,192608db42251d675da83286b1cce702)
Start importing Assets/PolygonPrototype/Materials/Triplanar_ObjectSpace/PolygonPrototype_Glass_Object.mat using Guid(988c2e2fad5caf64788ccfa98656d40d) Importer(2089858483,192608db42251d675da83286b1cce702) (ScriptedImporter) -> (artifact id: '1bfcac5f94134a2b94579e2d401faae7') in 0.0222096 seconds
Number of updated asset objects reloaded before import = 0Number of asset objects unloaded after import = 5

========================================================================
Received Import Request.
  Time since last request: 0.000041 seconds.
  path: Assets/PolygonPrototype/Textures/PolygonPrototype_Texture_Grid_06.png
  artifactKey: Guid(bbc54c0e722a346408cd09eef6dc0cd6) Importer(2089858483,192608db42251d675da83286b1cce702)
Start importing Assets/PolygonPrototype/Textures/PolygonPrototype_Texture_Grid_06.png using Guid(bbc54c0e722a346408cd09eef6dc0cd6) Importer(2089858483,192608db42251d675da83286b1cce702) (ScriptedImporter) -> (artifact id: 'afd50583627057b78b6315b64e1fc636') in 0.0270066 seconds
Number of updated asset objects reloaded before import = 0Number of asset objects unloaded after import = 1

========================================================================
Received Import Request.
  Time since last request: 0.000027 seconds.
  path: Assets/PolygonPrototype/Prefabs/Buildings/Polygon/SM_Buildings_Wall_1x3_01P.prefab
  artifactKey: Guid(df0de12ef64f6854ba7a94013ffbff7e) Importer(2089858483,192608db42251d675da83286b1cce702)
Start importing Assets/PolygonPrototype/Prefabs/Buildings/Polygon/SM_Buildings_Wall_1x3_01P.prefab using Guid(df0de12ef64f6854ba7a94013ffbff7e) Importer(2089858483,192608db42251d675da83286b1cce702) (ScriptedImporter) -> (artifact id: 'b622405ec9adaf8309071a240090e99e') in 0.0295956 seconds
Number of updated asset objects reloaded before import = 0Number of asset objects unloaded after import = 10

========================================================================
Received Import Request.
  Time since last request: 0.000015 seconds.
  path: Assets/Settings/Mobile_RPAsset.asset
  artifactKey: Guid(5e6cbd92db86f4b18aec3ed561671858) Importer(2089858483,192608db42251d675da83286b1cce702)
Start importing Assets/Settings/Mobile_RPAsset.asset using Guid(5e6cbd92db86f4b18aec3ed561671858) Importer(2089858483,192608db42251d675da83286b1cce702) (ScriptedImporter) -> (artifact id: '546922e01d7793e555b5b64536f50eef') in 0.0596333 seconds
Number of updated asset objects reloaded before import = 0Number of asset objects unloaded after import = 2

========================================================================
Received Import Request.
  Time since last request: 0.000024 seconds.
  path: Assets/PolygonPrototype/Prefabs/Buildings/Polygon/SM_Buildings_WallDoorDouble_5x3_01P.prefab
  artifactKey: Guid(77f5dcdcf285a804d99abc356ad1b8c7) Importer(2089858483,192608db42251d675da83286b1cce702)
Start importing Assets/PolygonPrototype/Prefabs/Buildings/Polygon/SM_Buildings_WallDoorDouble_5x3_01P.prefab using Guid(77f5dcdcf285a804d99abc356ad1b8c7) Importer(2089858483,192608db42251d675da83286b1cce702) (ScriptedImporter) -> (artifact id: 'ae80cc573d35f732880390bbad7d6fb3') in 0.0276674 seconds
Number of updated asset objects reloaded before import = 0Number of asset objects unloaded after import = 10

========================================================================
Received Import Request.
  Time since last request: 0.000033 seconds.
  path: Assets/PolygonPrototype/Models/SM_Buildings_Wall_5x3_01P.fbx
  artifactKey: Guid(002aad209296b1b48bb25b46d18ad50d) Importer(2089858483,192608db42251d675da83286b1cce702)
Start importing Assets/PolygonPrototype/Models/SM_Buildings_Wall_5x3_01P.fbx using Guid(002aad209296b1b48bb25b46d18ad50d) Importer(2089858483,192608db42251d675da83286b1cce702) (ScriptedImporter) -> (artifact id: 'dc59754ddb68d21b96ca6d4690462d11') in 0.0271808 seconds
Number of updated asset objects reloaded before import = 0Number of asset objects unloaded after import = 7

========================================================================
Received Import Request.
  Time since last request: 0.000027 seconds.
  path: Assets/PolygonPrototype/Prefabs/Buildings/Polygon/SM_Buildings_Column_2x3_01P.prefab
  artifactKey: Guid(b38180f4dd93ed945ad6e4e365f91923) Importer(2089858483,192608db42251d675da83286b1cce702)
Start importing Assets/PolygonPrototype/Prefabs/Buildings/Polygon/SM_Buildings_Column_2x3_01P.prefab using Guid(b38180f4dd93ed945ad6e4e365f91923) Importer(2089858483,192608db42251d675da83286b1cce702) (ScriptedImporter) -> (artifact id: '425d45241795b15f9998f46e00785c4b') in 0.0221031 seconds
Number of updated asset objects reloaded before import = 0Number of asset objects unloaded after import = 10

========================================================================
Received Import Request.
  Time since last request: 0.000019 seconds.
  path: Assets/PolygonPrototype/Textures/PolygonPrototype_Texture_Grid_01.png
  artifactKey: Guid(2a09470ada0c47849ad79d26363f8e4a) Importer(2089858483,192608db42251d675da83286b1cce702)
Start importing Assets/PolygonPrototype/Textures/PolygonPrototype_Texture_Grid_01.png using Guid(2a09470ada0c47849ad79d26363f8e4a) Importer(2089858483,192608db42251d675da83286b1cce702) (ScriptedImporter) -> (artifact id: '233cf27fadef06a18910f2974a80f0f2') in 0.0245629 seconds
Number of updated asset objects reloaded before import = 0Number of asset objects unloaded after import = 1

========================================================================
Received Import Request.
  Time since last request: 0.000021 seconds.
  path: Assets/PolygonPrototype/Textures/Wire_Alpha.tga
  artifactKey: Guid(2363feb64a80fad4b96e561d7907a8b0) Importer(2089858483,192608db42251d675da83286b1cce702)
Start importing Assets/PolygonPrototype/Textures/Wire_Alpha.tga using Guid(2363feb64a80fad4b96e561d7907a8b0) Importer(2089858483,192608db42251d675da83286b1cce702) (ScriptedImporter) -> (artifact id: '6a3df0ac0f07ae72208cd25dfcab11b6') in 0.0272817 seconds
Number of updated asset objects reloaded before import = 0Number of asset objects unloaded after import = 1

========================================================================
Received Import Request.
  Time since last request: 0.000030 seconds.
  path: Assets/PolygonPrototype/Textures/PolygonPrototype_Texture_Metallic.tga
  artifactKey: Guid(9dec2143ea353f54797f8eb01cf46827) Importer(2089858483,192608db42251d675da83286b1cce702)
Start importing Assets/PolygonPrototype/Textures/PolygonPrototype_Texture_Metallic.tga using Guid(9dec2143ea353f54797f8eb01cf46827) Importer(2089858483,192608db42251d675da83286b1cce702) (ScriptedImporter) -> (artifact id: 'b6b63be0ad3071e23c8b9c0fb20dc514') in 0.02822 seconds
Number of updated asset objects reloaded before import = 0Number of asset objects unloaded after import = 1

========================================================================
Received Import Request.
  Time since last request: 0.000026 seconds.
  path: Assets/PolygonPrototype/Textures/PolygonPrototype_Texture_Grid_05.png
  artifactKey: Guid(8634f8cf5ba74134c972fb2d36355077) Importer(2089858483,192608db42251d675da83286b1cce702)
Start importing Assets/PolygonPrototype/Textures/PolygonPrototype_Texture_Grid_05.png using Guid(8634f8cf5ba74134c972fb2d36355077) Importer(2089858483,192608db42251d675da83286b1cce702) (ScriptedImporter) -> (artifact id: '47f8e3653b26d26e84cb7414bfa19416') in 0.0284225 seconds
Number of updated asset objects reloaded before import = 0Number of asset objects unloaded after import = 1

========================================================================
Received Import Request.
  Time since last request: 0.000022 seconds.
  path: Assets/PolygonPrototype/Textures/PolygonPrototype_Texture_Grid_07.png
  artifactKey: Guid(7789f4efbb0f45c4780925243375a18e) Importer(2089858483,192608db42251d675da83286b1cce702)
Start importing Assets/PolygonPrototype/Textures/PolygonPrototype_Texture_Grid_07.png using Guid(7789f4efbb0f45c4780925243375a18e) Importer(2089858483,192608db42251d675da83286b1cce702) (ScriptedImporter) -> (artifact id: '5b8ad308a545f6f2e254416de8a17db9') in 0.0261409 seconds
Number of updated asset objects reloaded before import = 0Number of asset objects unloaded after import = 1

========================================================================
Received Import Request.
  Time since last request: 0.000018 seconds.
  path: Assets/PolygonPrototype/Materials/PolygonPrototype_Global_Grid_02.mat
  artifactKey: Guid(5abb3d18170c7cc4b8ce3577ef8b5ed8) Importer(2089858483,192608db42251d675da83286b1cce702)
Start importing Assets/PolygonPrototype/Materials/PolygonPrototype_Global_Grid_02.mat using Guid(5abb3d18170c7cc4b8ce3577ef8b5ed8) Importer(2089858483,192608db42251d675da83286b1cce702) (ScriptedImporter) -> (artifact id: '07643c8e9912dc50c6b2f9ed044c283d') in 0.0167072 seconds
Number of updated asset objects reloaded before import = 0Number of asset objects unloaded after import = 7

========================================================================
Received Import Request.
  Time since last request: 0.000034 seconds.
  path: Assets/PolygonPrototype/Materials/PolygonPrototype_Texture_08.mat
  artifactKey: Guid(4d1c11ecf91c18d4e86d3818e8c650cc) Importer(2089858483,192608db42251d675da83286b1cce702)
Start importing Assets/PolygonPrototype/Materials/PolygonPrototype_Texture_08.mat using Guid(4d1c11ecf91c18d4e86d3818e8c650cc) Importer(2089858483,192608db42251d675da83286b1cce702) (ScriptedImporter) -> (artifact id: 'e099316221340a78384674d2450235a3') in 0.0216997 seconds
Number of updated asset objects reloaded before import = 0Number of asset objects unloaded after import = 2

========================================================================
Received Import Request.
  Time since last request: 0.000014 seconds.
  path: Assets/PolygonPrototype/Prefabs/Characters/Character_Dummy_Female_01.prefab
  artifactKey: Guid(8dbb22b9d53a7664b8619d4c6888d92f) Importer(2089858483,192608db42251d675da83286b1cce702)
Start importing Assets/PolygonPrototype/Prefabs/Characters/Character_Dummy_Female_01.prefab using Guid(8dbb22b9d53a7664b8619d4c6888d92f) Importer(2089858483,192608db42251d675da83286b1cce702) (ScriptedImporter) -> (artifact id: '6c2873b91f87e50b16d0d3854078825b') in 0.0299418 seconds
Number of updated asset objects reloaded before import = 0Number of asset objects unloaded after import = 128

========================================================================
Received Import Request.
  Time since last request: 0.000019 seconds.
  path: Assets/PolygonPrototype/Materials/PolygonPrototype_Wire.mat
  artifactKey: Guid(d3c006a1b9a8b264f8bee7b56f38100a) Importer(2089858483,192608db42251d675da83286b1cce702)
Start importing Assets/PolygonPrototype/Materials/PolygonPrototype_Wire.mat using Guid(d3c006a1b9a8b264f8bee7b56f38100a) Importer(2089858483,192608db42251d675da83286b1cce702) (ScriptedImporter) -> (artifact id: '2b136ac035e6050020c3d800c69273ea') in 0.0204049 seconds
Number of updated asset objects reloaded before import = 0Number of asset objects unloaded after import = 2

========================================================================
Received Import Request.
  Time since last request: 0.000017 seconds.
  path: Assets/PolygonPrototype/Models/SM_Buildings_WallDoor_5x3_01P.fbx
  artifactKey: Guid(d02465c6b6027974ba95cfee1396578e) Importer(2089858483,192608db42251d675da83286b1cce702)
Start importing Assets/PolygonPrototype/Models/SM_Buildings_WallDoor_5x3_01P.fbx using Guid(d02465c6b6027974ba95cfee1396578e) Importer(2089858483,192608db42251d675da83286b1cce702) (ScriptedImporter) -> (artifact id: '4af809a8d301fe7dce8ef343fca7515c') in 0.0245046 seconds
Number of updated asset objects reloaded before import = 0Number of asset objects unloaded after import = 7

========================================================================
Received Import Request.
  Time since last request: 0.000028 seconds.
  path: Assets/PolygonPrototype/Models/SM_Buildings_WallDoorDouble_3x3_01P.fbx
  artifactKey: Guid(563a57b762071ce43b923dbb6e5c3a40) Importer(2089858483,192608db42251d675da83286b1cce702)
Start importing Assets/PolygonPrototype/Models/SM_Buildings_WallDoorDouble_3x3_01P.fbx using Guid(563a57b762071ce43b923dbb6e5c3a40) Importer(2089858483,192608db42251d675da83286b1cce702) (ScriptedImporter) -> (artifact id: 'f3ac9402bf1fcc50e885886fc50e52ff') in 0.0237439 seconds
Number of updated asset objects reloaded before import = 0Number of asset objects unloaded after import = 7

========================================================================
Received Import Request.
  Time since last request: 0.000018 seconds.
  path: Assets/PolygonPrototype/Textures/Wire_Alpha_White.tga
  artifactKey: Guid(584c5a26a45a3394997a0ffbae9e7ea9) Importer(2089858483,192608db42251d675da83286b1cce702)
Start importing Assets/PolygonPrototype/Textures/Wire_Alpha_White.tga using Guid(584c5a26a45a3394997a0ffbae9e7ea9) Importer(2089858483,192608db42251d675da83286b1cce702) (ScriptedImporter) -> (artifact id: '297c55c8cb7dee8bb8978ccd2c2fdb1e') in 0.0220828 seconds
Number of updated asset objects reloaded before import = 0Number of asset objects unloaded after import = 1

========================================================================
Received Import Request.
  Time since last request: 0.000022 seconds.
  path: Assets/PolygonPrototype/Models/SM_Buildings_Wall_2x3_01P.fbx
  artifactKey: Guid(526b2a739acc0c44db8d3bd30a299eff) Importer(2089858483,192608db42251d675da83286b1cce702)
Start importing Assets/PolygonPrototype/Models/SM_Buildings_Wall_2x3_01P.fbx using Guid(526b2a739acc0c44db8d3bd30a299eff) Importer(2089858483,192608db42251d675da83286b1cce702) (ScriptedImporter) -> (artifact id: '0d0ca3d576d3098af6de3623dd380a81') in 0.0217982 seconds
Number of updated asset objects reloaded before import = 0Number of asset objects unloaded after import = 7

========================================================================
Received Import Request.
  Time since last request: 0.000021 seconds.
  path: Assets/PolygonPrototype/Materials/PolygonPrototype_Global_Grid_05.mat
  artifactKey: Guid(1e75d51d555dec54b90544819dd5e13a) Importer(2089858483,192608db42251d675da83286b1cce702)
Start importing Assets/PolygonPrototype/Materials/PolygonPrototype_Global_Grid_05.mat using Guid(1e75d51d555dec54b90544819dd5e13a) Importer(2089858483,192608db42251d675da83286b1cce702) (ScriptedImporter) -> (artifact id: '7a78f20b924e40f5479cd61ab507df38') in 0.0226667 seconds
Number of updated asset objects reloaded before import = 0Number of asset objects unloaded after import = 7

========================================================================
Received Import Request.
  Time since last request: 0.000029 seconds.
  path: Assets/PolygonPrototype/Textures/PolygonPrototype_Texture_Grid_04.png
  artifactKey: Guid(c7c5239ae4b2ace4d8774918a50a940a) Importer(2089858483,192608db42251d675da83286b1cce702)
Start importing Assets/PolygonPrototype/Textures/PolygonPrototype_Texture_Grid_04.png using Guid(c7c5239ae4b2ace4d8774918a50a940a) Importer(2089858483,192608db42251d675da83286b1cce702) (ScriptedImporter) -> (artifact id: 'd1d29e0082e561cafe42f9a1ba4c00b7') in 0.0246155 seconds
Number of updated asset objects reloaded before import = 0Number of asset objects unloaded after import = 1

========================================================================
Received Import Request.
  Time since last request: 0.000038 seconds.
  path: Assets/PolygonPrototype/Textures/PolygonPrototype_Texture_07.png
  artifactKey: Guid(ba6d3750577556449812b1bbf8ccd2bc) Importer(2089858483,192608db42251d675da83286b1cce702)
Start importing Assets/PolygonPrototype/Textures/PolygonPrototype_Texture_07.png using Guid(ba6d3750577556449812b1bbf8ccd2bc) Importer(2089858483,192608db42251d675da83286b1cce702) (ScriptedImporter) -> (artifact id: '88e06e2928cd40ee8e93b68a379b3ec7') in 0.0251707 seconds
Number of updated asset objects reloaded before import = 0Number of asset objects unloaded after import = 1

========================================================================
Received Import Request.
  Time since last request: 68.340629 seconds.
  path: Assets/Settings/DefaultVolumeProfile.asset
  artifactKey: Guid(ab09877e2e707104187f6f83e2f62510) Importer(2089858483,192608db42251d675da83286b1cce702)
Start importing Assets/Settings/DefaultVolumeProfile.asset using Guid(ab09877e2e707104187f6f83e2f62510) Importer(2089858483,192608db42251d675da83286b1cce702) (ScriptedImporter) -> (artifact id: 'c9d1935a009550fbd5b651747e7c8741') in 0.0231972 seconds
Number of updated asset objects reloaded before import = 21Number of asset objects unloaded after import = 0

========================================================================
Received Import Request.
  Time since last request: 21.583054 seconds.
  path: Assets/Scenes/MainScene/Global Volume Profile.asset
  artifactKey: Guid(0df6f8fd9ea06ae4d95a67d7f4fe5e41) Importer(2089858483,192608db42251d675da83286b1cce702)
Start importing Assets/Scenes/MainScene/Global Volume Profile.asset using Guid(0df6f8fd9ea06ae4d95a67d7f4fe5e41) Importer(2089858483,192608db42251d675da83286b1cce702) (ScriptedImporter) -> (artifact id: '1abfc05f863d73be2ed4faf142148578') in 0.0396132 seconds
Number of updated asset objects reloaded before import = 0Number of asset objects unloaded after import = 5

========================================================================
Received Import Request.
  Time since last request: 202.515779 seconds.
  path: Assets/Settings/PC_Renderer.asset
  artifactKey: Guid(f288ae1f4751b564a96ac7587541f7a2) Importer(815301076,1909f56bfc062723c751e8b465ee728b)
Start importing Assets/Settings/PC_Renderer.asset using Guid(f288ae1f4751b564a96ac7587541f7a2) Importer(815301076,1909f56bfc062723c751e8b465ee728b) (PreviewImporter) -> (artifact id: '68139ae737fab064acb1689992c0c6ba') in 0.0017535 seconds
Number of updated asset objects reloaded before import = 2Number of asset objects unloaded after import = 0

========================================================================
Received Import Request.
  Time since last request: 0.953346 seconds.
  path: Assets/Settings/PC_Renderer.asset
  artifactKey: Guid(f288ae1f4751b564a96ac7587541f7a2) Importer(2089858483,192608db42251d675da83286b1cce702)
Start importing Assets/Settings/PC_Renderer.asset using Guid(f288ae1f4751b564a96ac7587541f7a2) Importer(2089858483,192608db42251d675da83286b1cce702) (ScriptedImporter) -> (artifact id: '3f147b118008e00c8931e5042c3bdbbc') in 0.052035 seconds
Number of updated asset objects reloaded before import = 0Number of asset objects unloaded after import = 1

